test 1
Radix in baza 10:
0.015000
este sortat: 1
Radix in baza 256:
0.0000000000
este sortat: 1
Merge:
0.0000000000
este sortat: 1
Quick Sort:
0.0000000000
este sortat: 1
HeapSort:
0.0000000000
este sortat: 1
qsort(stl):
0.0000000000
este sortat: 1
test 2
Counting Sort:
0.0000000000
este sortat: 1
Radix in baza 10:
0.0000000000
este sortat: 1
Radix in baza 256:
0.0000000000
este sortat: 1
Bubble:
0.0000000000
este sortat: 1
Merge:
0.0000000000
este sortat: 1
Quick Sort:
0.0000000000
este sortat: 1
HeapSort:
0.0000000000
este sortat: 1
qsort(stl):
0.0000000000
este sortat: 1
test 3
Radix in baza 10:
0.0150000000
este sortat: 1
Radix in baza 256:
0.0000000000
este sortat: 1
Merge:
0.0000000000
este sortat: 1
Quick Sort:
0.0000000000
este sortat: 1
HeapSort:
0.0000000000
este sortat: 1
qsort(stl):
0.0000000000
este sortat: 1
test 4
Radix in baza 10:
0.0940000000
este sortat: 1
Radix in baza 256:
0.0000000000
este sortat: 1
Merge:
0.0000000000
este sortat: 1
Quick Sort:
0.0000000000
este sortat: 1
HeapSort:
0.0000000000
este sortat: 1
qsort(stl):
0.0000000000
este sortat: 1
test 5
Counting Sort:
0.0000000000
este sortat: 1
Radix in baza 10:
0.0000000000
este sortat: 1
Radix in baza 256:
0.0000000000
este sortat: 1
Bubble:
0.0000000000
este sortat: 1
Merge:
0.0000000000
este sortat: 1
Quick Sort:
0.0000000000
este sortat: 1
HeapSort:
0.0000000000
este sortat: 1
qsort(stl):
0.0000000000
este sortat: 1
Skip Lists Sort:
0.0000000000
este sortat: 1
test 6
Radix in baza 10:
1.6790000000
este sortat: 1
Radix in baza 256:
1.0000000000
este sortat: 1
Merge:
5.0000000000
este sortat: 1
Quick Sort:
1.0000000000
este sortat: 1
HeapSort:
4.0000000000
este sortat: 1
qsort(stl):
1.0000000000
este sortat: 1
test 7
Radix in baza 10:
0.1570000000
este sortat: 1
Radix in baza 256:
0.0000000000
este sortat: 1
Merge:
1.0000000000
este sortat: 1
Quick Sort:
1.0000000000
este sortat: 1
HeapSort:
0.0000000000
este sortat: 1
qsort(stl):
0.0000000000
este sortat: 1
test 8
Radix in baza 10:
0.0150000000
este sortat: 1
Radix in baza 256:
0.0000000000
este sortat: 1
Merge:
0.0000000000
este sortat: 1
Quick Sort:
0.0000000000
este sortat: 1
HeapSort:
0.0000000000
este sortat: 1
qsort(stl):
0.0000000000
este sortat: 1
test 9
Radix in baza 10:
0.0320000000
este sortat: 1
Radix in baza 256:
0.0000000000
este sortat: 1
Merge:
0.0000000000
este sortat: 1
Quick Sort:
0.0000000000
este sortat: 1
HeapSort:
0.0000000000
este sortat: 1
qsort(stl):
0.0000000000
este sortat: 1
test 10
Radix in baza 10:
0.0310000000
este sortat: 1
Radix in baza 256:
0.0000000000
este sortat: 1
Merge:
0.0000000000
este sortat: 1
Quick Sort:
0.0000000000
este sortat: 1
HeapSort:
0.0000000000
este sortat: 1
qsort(stl):
0.0000000000
este sortat: 1
